<?xml version="1.0" encoding="UTF-8"?>
<!-- Generated by org.testng.reporters.JUnitReportReporter -->
<testsuite hostname="BLR300" failures="0" tests="10" name="testscases.ProductCartFunctionalityTests" time="42.356" errors="0" timestamp="2023-10-04T20:50:37 IST" skipped="0">
  <testcase classname="testscases.ProductCartFunctionalityTests" name="ValidateCartPageCheckoutFunctionality" time="4.271"/>
  <system-out/>
  <testcase classname="testscases.ProductCartFunctionalityTests" name="validateCartPageItemRemovingFromTheCartFunctionality" time="5.098"/>
  <system-out/>
  <testcase classname="testscases.ProductCartFunctionalityTests" name="ValidateCheckoutOverviewPageFinishFunctionality" time="4.417"/>
  <system-out/>
  <testcase classname="testscases.ProductCartFunctionalityTests" name="ValidateCheckoutOverviewPageFunctionality" time="4.168"/>
  <system-out/>
  <testcase classname="testscases.ProductCartFunctionalityTests" name="ValidateCartPageCancelButtonFunctionality" time="4.043"/>
  <system-out/>
  <testcase classname="testscases.ProductCartFunctionalityTests" name="validateCartPageContinueShoppingfunctionality" time="3.881"/>
  <system-out/>
  <testcase classname="testscases.ProductCartFunctionalityTests" name="validateProductPageItemAddingToTheCartFunctionality" time="3.457"/>
  <system-out/>
  <testcase classname="testscases.ProductCartFunctionalityTests" name="ValidateCartPageCheckoutErrorMessageFunctionality" time="4.544"/>
  <system-out/>
  <testcase classname="testscases.ProductCartFunctionalityTests" name="validateAllOptionsInMenuAreVisibleFunctionality" time="4.037"/>
  <system-out/>
  <testcase classname="testscases.ProductCartFunctionalityTests" name="ValidateOrderFunctionality" time="4.440"/>
  <system-out/>
</testsuite> <!-- testscases.ProductCartFunctionalityTests -->
