<?xml version="1.0" encoding="UTF-8"?>
<!-- Generated by org.testng.reporters.JUnitReportReporter -->
<testsuite hostname="BLR300" failures="0" tests="5" name="testscases.LoginFunctionalityTests" time="22.986" errors="0" timestamp="2023-10-04T20:50:37 IST" skipped="0">
  <testcase classname="testscases.LoginFunctionalityTests" name="validateAboutPageisLoadingFunctionality" time="7.600"/>
  <system-out/>
  <testcase classname="testscases.LoginFunctionalityTests" name="logInFunctionalityTest" time="3.313"/>
  <system-out/>
  <testcase classname="testscases.LoginFunctionalityTests" name="validateMenuClosingButtonFunctionality" time="4.398"/>
  <system-out/>
  <testcase classname="testscases.LoginFunctionalityTests" name="validateAllOptionsInMenuAreVisibleFunctionality" time="4.217"/>
  <system-out/>
  <testcase classname="testscases.LoginFunctionalityTests" name="logOutFunctionalityTest" time="3.458"/>
  <system-out/>
</testsuite> <!-- testscases.LoginFunctionalityTests -->
